TN:
SF:script/HelperConfig.s.sol
DA:22,7
FN:22,HelperConfig.constructor
FNDA:7,HelperConfig.constructor
DA:23,7
BRDA:23,0,0,0
BRDA:23,0,1,7
DA:24,0
DA:28,7
DA:33,0
FN:33,HelperConfig.SepoliaHelperConfig
FNDA:0,HelperConfig.SepoliaHelperConfig
DA:35,0
DA:46,14
FN:46,HelperConfig.AnvilHelperConfig
FNDA:14,HelperConfig.AnvilHelperConfig
DA:48,14
BRDA:48,1,0,7
DA:49,7
DA:52,7
DA:53,7
DA:54,7
DA:55,7
DA:56,7
DA:58,7
FNF:3
FNH:2
LF:15
LH:12
BRF:3
BRH:2
end_of_record
TN:
SF:script/deploy_raffle.s.sol
DA:15,7
FN:15,deploy_raffle.run
FNDA:7,deploy_raffle.run
DA:20,7
DA:22,7
DA:24,7
DA:32,7
DA:35,7
DA:37,7
DA:45,7
DA:46,7
DA:47,7
DA:49,7
DA:51,7
FNF:1
FNH:1
LF:12
LH:12
BRF:0
BRH:0
end_of_record
TN:
SF:src/Raffle.sol
DA:55,7
FN:55,project_raffle.constructor
FNDA:7,project_raffle.constructor
DA:64,7
DA:65,7
DA:66,7
DA:67,7
DA:68,7
DA:69,7
DA:70,7
DA:71,7
DA:75,13
FN:75,project_raffle.buy_ticket
FNDA:13,project_raffle.buy_ticket
DA:77,13
BRDA:77,0,0,1
DA:78,1
DA:81,12
BRDA:81,1,0,1
DA:82,1
DA:85,11
DA:87,11
DA:91,1
FN:91,project_raffle.checkUpkeep
FNDA:1,project_raffle.checkUpkeep
DA:96,3
DA:97,3
DA:98,3
DA:99,3
DA:101,3
DA:103,3
DA:107,2
FN:107,project_raffle.performUpkeep
FNDA:2,project_raffle.performUpkeep
DA:109,2
DA:111,2
BRDA:111,2,0,0
DA:112,0
DA:116,2
DA:120,2
DA:132,1
FN:132,project_raffle.fulfillRandomWords
FNDA:1,project_raffle.fulfillRandomWords
DA:137,1
DA:138,1
DA:140,1
DA:142,1
DA:145,1
DA:147,1
BRDA:147,3,0,0
DA:148,0
DA:157,4
FN:157,project_raffle.get_array_length
FNDA:4,project_raffle.get_array_length
DA:158,4
DA:166,0
FN:166,project_raffle.get_player_address
FNDA:0,project_raffle.get_player_address
DA:167,0
FNF:7
FNH:6
LF:41
LH:37
BRF:4
BRH:2
end_of_record
